<?xml version="1.0" encoding="UTF-8"?>
<coverage generated="1612478142854" clover="3.2.0">
  <project timestamp="1612478142854" name="All files">
    <metrics statements="0" coveredstatements="0" conditionals="0" coveredconditionals="0" methods="1" coveredmethods="1" elements="1" coveredelements="1" complexity="0" loc="0" ncloc="0" packages="1" files="1" classes="1"/>
    <file name="scripts2.js" path="/Users/michaelburton/Desktop/whitboard/src/js/scripts2.js">
      <metrics statements="0" coveredstatements="0" conditionals="0" coveredconditionals="0" methods="1" coveredmethods="1"/>
    </file>
  </project>
</coverage>
